0 verbose cli /root/.nvm/versions/node/v24.13.0/bin/node /root/.nvm/versions/node/v24.13.0/bin/npm
1 info using npm@11.6.2
2 info using node@v24.13.0
3 silly config load:file:/root/.nvm/versions/node/v24.13.0/lib/node_modules/npm/npmrc
4 silly config load:file:/root/user/.npmrc
5 silly config load:file:/root/.nvm/versions/node/v24.13.0/etc/npmrc
6 verbose title npm install tree-sitter-cli
7 verbose argv "install" "--global" "tree-sitter-cli"
8 verbose logfile logs-max:10 dir:/root/user/.npm/_logs/2026-01-19T11_40_50_512Z-
9 verbose logfile /root/user/.npm/_logs/2026-01-19T11_40_50_512Z-debug-0.log
10 silly packumentCache heap:2348810240 maxSize:587202560 maxEntrySize:293601280
11 silly logfile done cleaning log files
12 silly idealTree buildDeps
13 silly fetch manifest tree-sitter-cli@*
14 silly packumentCache full:https://registry.npmjs.org/tree-sitter-cli cache-miss
15 http fetch GET 200 https://registry.npmjs.org/npm 441ms
16 http fetch GET 200 https://registry.npmjs.org/tree-sitter-cli 452ms (cache miss)
17 silly packumentCache full:https://registry.npmjs.org/tree-sitter-cli set size:undefined disposed:false
18 silly placeDep ROOT tree-sitter-cli@0.26.3 OK for:  want: *
19 silly reify moves {}
20 http cache tree-sitter-cli@https://registry.npmjs.org/tree-sitter-cli/-/tree-sitter-cli-0.26.3.tgz 0ms (cache hit)
21 silly tarball no local data for tree-sitter-cli@https://registry.npmjs.org/tree-sitter-cli/-/tree-sitter-cli-0.26.3.tgz. Extracting by manifest.
22 http fetch GET 200 https://registry.npmjs.org/tree-sitter-cli/-/tree-sitter-cli-0.26.3.tgz 84ms (cache miss)
23 info run tree-sitter-cli@0.26.3 install node_modules/tree-sitter-cli node install.js
24 info run tree-sitter-cli@0.26.3 install { code: 0, signal: null }
25 silly ADD node_modules/tree-sitter-cli
26 verbose cwd /root/user
27 verbose os Linux 5.15.167.4-microsoft-standard-WSL2
28 verbose node v24.13.0
29 verbose npm  v11.6.2
30 notice
30 notice New minor version of npm available! 11.6.2 -> 11.7.0
30 notice Changelog: https://github.com/npm/cli/releases/tag/v11.7.0
30 notice To update run: npm install -g npm@11.7.0
30 notice  { force: true, Symbol(proc-log.meta): true }
31 verbose exit 0
32 info ok
